<?xml version="1.0" encoding="UTF-8"?>
<!-- Generated by org.testng.reporters.JUnitReportReporter -->
<testsuite hostname="LAPTOP-0OPMKS7R" failures="0" tests="1" name="Runners.Home_runner" time="10.462" errors="0" timestamp="2020-08-06T23:07:16 PDT" skipped="0">
  <testcase classname="Runners.Home_runner" name="runScenario" time="10.462"/>
  <system-out/>
</testsuite> <!-- Runners.Home_runner -->
